<?xml version="1.0" encoding="UTF-8"?>
<!-- Generated by org.testng.reporters.JUnitReportReporter -->
<testsuite hostname="TarushDubale" failures="0" tests="1" name="screenshot.ScreenShot" time="25.408" errors="0" timestamp="2024-05-20T21:40:16 IST" skipped="0">
  <testcase classname="screenshot.ScreenShot" name="captureScreenshot" time="25.408"/>
  <system-out/>
</testsuite> <!-- screenshot.ScreenShot -->
