<?xml version="1.0" encoding="UTF-8"?>
<!-- Generated by org.testng.reporters.JUnitReportReporter -->
<testsuite hostname="TarushDubale" failures="0" tests="2" name="test.TestCases" time="2.758" errors="0" timestamp="2024-05-18T17:56:16 IST" skipped="0">
  <testcase classname="test.TestCases" name="landingPage" time="0.838"/>
  <system-out/>
  <testcase classname="test.TestCases" name="loginPage" time="1.920"/>
  <system-out/>
</testsuite> <!-- test.TestCases -->
